[03/05/18, 12:16:59:538] info: ╔═════════════════════════════════════════════════════════════════════════════════╗
[03/05/18, 12:16:59:539] info: ║      Slack 3.0.5, linux 4.13.0-32-generic on x64 at 03/05/18, 12:16:59:535      ║
[03/05/18, 12:16:59:539] info: ╚═════════════════════════════════════════════════════════════════════════════════╝
[03/05/18, 12:16:59:748] info: Initializing local storage instance at path: /home/kennethj/.config/Slack/local-settings.json
[03/05/18, 12:19:36:606] info: Store: ADD_NEW_TEAM
{
  "id": "U9JP6196W",
  "name": "[REDACTED]",
  "team_id": "T1D098EK1",
  "team_name": "[REDACTED]",
  "team_url": "[REDACTED]"
}
[03/05/18, 12:19:36:614] info: Store: UPSERT_WEB_CONTENTS
{
  "id": 3,
  "state": "unloaded",
  "teamId": "T1D098EK1"
}
[03/05/18, 12:19:36:635] info: Store: FOREGROUND_APP
[03/05/18, 12:19:36:635] info: Store: MAIN_WINDOW_SHOWN
[03/05/18, 12:19:37:638] info: Store: SAVE_WINDOW_SETTINGS
{
  "isMaximized": false,
  "position": [
    15,
    34
  ],
  "size": [
    1890,
    1031
  ]
}
[03/05/18, 12:19:40:149] info: Store: UPSERT_WEB_CONTENTS
{
  "id": 3,
  "state": "loaded",
  "teamId": "T1D098EK1"
}
[03/05/18, 12:19:40:406] info: Store: UPDATE_SESSION_STATUS
{
  "hasValidSession": true,
  "teamId": "T1D098EK1"
}
[03/05/18, 12:19:41:757] info: Store: UPDATE_TEAM_ICONS
{
  "icons": false,
  "teamId": "T1D098EK1"
}
[03/05/18, 12:19:42:076] info: Store: SELECT_CHANNEL C1D05HB2L
[03/05/18, 12:19:42:083] info: Store: UPDATE_TEAM_LOCALE
{
  "locale": "en-US",
  "teamId": "T1D098EK1"
}
[03/05/18, 12:19:42:087] info: Store: UPDATE_SETTINGS
{
  "locale": "en-US"
}
[03/05/18, 12:19:42:093] info: Store: UPDATE_TEAM_THEME
{
  "teamId": "T1D098EK1",
  "theme": {
    "active_item": "#4C9689",
    "active_item_text": "#FFFFFF",
    "active_presence": "#38978D",
    "badge": "#EB4D5C",
    "column_bg": "#4D394B",
    "hover_item": "#3E313C",
    "menu_bg": "#3E313C",
    "text_color": "#FFFFFF"
  }
}
[03/05/18, 12:19:42:306] info: Store: SELECT_CHANNEL D9JP61KHQ
[03/05/18, 12:19:42:342] info: Store: UPSERT_WEB_CONTENTS
{
  "id": 3,
  "state": "webapp-loaded",
  "teamId": "T1D098EK1"
}
[03/05/18, 12:19:42:516] info: Store: STORE_API_TOKEN
{
  "teamId": "T1D098EK1",
  "token": "xoxs-⋯"
}
[03/05/18, 12:20:03:036] info: Store: SELECT_CHANNEL C1D05HB2L
[03/05/18, 12:20:45:513] info: Store: SELECT_CHANNEL G6YP48DQW
[03/05/18, 12:23:07:575] info: Store: SAVE_WINDOW_SETTINGS
{
  "isMaximized": false,
  "position": [
    15,
    34
  ],
  "size": [
    937,
    1031
  ]
}
[03/05/18, 12:23:27:977] info: Store: SAVE_WINDOW_SETTINGS
{
  "isMaximized": false,
  "position": [
    15,
    34
  ],
  "size": [
    1890,
    1031
  ]
}
[03/05/18, 19:45:12:149] info: Store: UPDATE_SETTINGS
{
  "hasRunFromTray": true
}
[03/05/18, 19:45:12:154] info: Store: SHOW_TRAY_BALLOON
{
  "content": "Slack’s set to stay running in the notification area. To change this, visit Preferences > Linux App.",
  "title": "Why didn’t Slack quit?"
}
[03/05/18, 19:45:12:177] info: Store: SET_FULL_SCREEN
[03/05/18, 19:45:31:996] info: Store: UPDATE_TEAM_ICONS
{
  "icons": false,
  "teamId": "T1D098EK1"
}
[03/05/18, 19:45:32:192] info: Store: UPDATE_TEAM_LOCALE
{
  "locale": "en-US",
  "teamId": "T1D098EK1"
}
